================================================================================
              TEST ANALYSIS REPORT FOR PR #11
    Repository: hilliersmmain/community_pulse
    PR: #11 - Fix missing kaleido dependency and add comprehensive error handling
    Analysis Date: 2025-12-22
================================================================================

EXECUTIVE SUMMARY
================================================================================
All 66 tests PASS when dependencies are properly installed from requirements.txt.
However, 2 tests FAIL when kaleido package is missing, which is the exact issue
that PR #11 was designed to address.

The PR successfully adds:
1. kaleido>=0.2.1 to requirements.txt
2. Error handling in demo_charts.py to detect missing kaleido
3. 7 new tests in tests/test_demo_charts.py
4. Type hints and improved documentation
5. verify_setup.py utility script

REPRODUCTION STEPS (Deterministic)
================================================================================
1. Clone repository: git clone https://github.com/hilliersmmain/community_pulse
2. Checkout PR branch: git checkout copilot/fix-errors-and-improve-project
3. Create virtual environment: python3 -m venv venv
4. Activate venv: source venv/bin/activate
5. Install dependencies: pip install -r requirements.txt
6. Run tests: pytest -q

Result with all dependencies: 66 passed in 1.22s ✓
Result without kaleido: 2 failed, 64 passed ✗

================================================================================
FAILING TESTS (When kaleido is missing)
================================================================================

FAILURE #1: test_demo_charts_imports
--------------------------------------------------------------------------------
Test File: tests/test_demo_charts.py
Test Name: TestDemoChartsScript::test_demo_charts_imports
Status: FAILS when kaleido not installed

FULL TRACEBACK:
self = <tests.test_demo_charts.TestDemoChartsScript object at 0x7f9683a5ff20>

    def test_demo_charts_imports(self):
        """Test that demo_charts can import all required modules."""
        try:
            import plotly.io as pio
>           import kaleido
E           ModuleNotFoundError: No module named 'kaleido'

tests/test_demo_charts.py:24: ModuleNotFoundError

During handling of the above exception, another exception occurred:

    def test_demo_charts_imports(self):
        """Test that demo_charts can import all required modules."""
        try:
            import plotly.io as pio
            import kaleido
            from utils.data_generator import generate_messy_data
            from utils.cleaner import DataCleaner
            from utils.visualizer import (
                plot_attendance_trend,
                plot_role_distribution,
                plot_attendance_histogram
            )
            # If we get here, all imports worked
            assert True
        except ImportError as e:
>           pytest.fail(f"Failed to import required module: {e}")
E           Failed: Failed to import required module: No module named 'kaleido'

tests/test_demo_charts.py:35: Failed

RESPONSIBLE FILES:
1. requirements.txt - Must contain kaleido>=0.2.1 (FIXED in PR)
2. tests/test_demo_charts.py:24 - Import statement that fails

ROOT CAUSE:
The test explicitly checks if kaleido can be imported. This is intentional to
ensure the dependency is available for demo_charts.py image export functionality.

PATCH PLAN #1:
File: requirements.txt
Change: Ensure kaleido>=0.2.1 is present
Status: ✓ ALREADY FIXED in PR #11
Rationale: The PR correctly adds kaleido to requirements.txt. The test failure
only occurs if someone installs dependencies without kaleido or if pip fails to
install it for some reason.


FAILURE #2: test_kaleido_available
--------------------------------------------------------------------------------
Test File: tests/test_demo_charts.py
Test Name: TestDemoChartsScript::test_kaleido_available
Status: FAILS when kaleido not installed

FULL TRACEBACK:
self = <tests.test_demo_charts.TestDemoChartsScript object at 0x7f96833fd940>

    def test_kaleido_available(self):
        """Test that kaleido package is available for image export."""
        try:
>           import kaleido
E           ModuleNotFoundError: No module named 'kaleido'

tests/test_demo_charts.py:40: ModuleNotFoundError

During handling of the above exception, another exception occurred:

    def test_kaleido_available(self):
        """Test that kaleido package is available for image export."""
        try:
            import kaleido
            assert kaleido is not None
        except ImportError:
>           pytest.fail("kaleido package not installed - required for demo_charts.py")
E           Failed: kaleido package not installed - required for demo_charts.py

tests/test_demo_charts.py:43: Failed

RESPONSIBLE FILES:
1. requirements.txt - Must contain kaleido>=0.2.1 (FIXED in PR)
2. tests/test_demo_charts.py:38-43 - Test function that validates kaleido

ROOT CAUSE:
This test explicitly validates that kaleido is installed, which is required for
plotly's pio.write_image() functionality used in demo_charts.py.

PATCH PLAN #2:
File: requirements.txt
Change: Ensure kaleido>=0.2.1 is present
Status: ✓ ALREADY FIXED in PR #11
Rationale: Same as Failure #1. The test is working as designed to catch missing
dependency issues before runtime.


================================================================================
DEPENDENCY/VERSION/CI CONFIGURATION ISSUES
================================================================================

ISSUE #1: kaleido Installation Verification
--------------------------------------------------------------------------------
Severity: MEDIUM
Description: While kaleido>=0.2.1 is correctly listed in requirements.txt, there
is no automated verification in CI/CD that it was actually installed successfully.

Evidence: Manual testing showed:
  - pip install -r requirements.txt sometimes silently skips kaleido
  - Tests pass when all dependencies installed
  - Tests fail when kaleido missing

Affected Files:
  - requirements.txt
  - .github/workflows/*.yml (if CI workflows exist)
  - verify_setup.py (partially addresses this)

Recommended Fix:
Add CI workflow step to verify kaleido installation:
  - Run: pip list | grep kaleido
  - Or: python -c "import kaleido; print(kaleido.__version__)"
  - Or: Run verify_setup.py as part of CI


ISSUE #2: Missing pytest.ini or pyproject.toml
--------------------------------------------------------------------------------
Severity: LOW
Description: No pytest configuration file exists to standardize test execution
across environments.

Evidence: Tests run without explicit configuration

Affected Files:
  - pytest.ini (missing)
  - pyproject.toml (missing)

Recommended Fix:
Create pytest.ini:
  [pytest]
  testpaths = tests
  python_files = test_*.py
  python_classes = Test*
  python_functions = test_*
  addopts = -v --tb=short


ISSUE #3: No Requirements Lock File
--------------------------------------------------------------------------------
Severity: MEDIUM
Description: requirements.txt uses >= and == inconsistently. No lock file exists
to ensure reproducible builds.

Evidence: requirements.txt shows:
  streamlit>=1.52.2 (flexible)
  pandas==2.2.2 (pinned)
  plotly>=6.5.0 (flexible)
  numpy==1.26.4 (pinned)

Affected Files:
  - requirements.txt
  - requirements-lock.txt (missing)

Recommended Fix:
  - Generate: pip freeze > requirements-lock.txt
  - Or: Use pip-tools (pip-compile requirements.in > requirements.txt)
  - Document which file to use for development vs production


ISSUE #4: Test File Collection Without Full Dependencies
--------------------------------------------------------------------------------
Severity: LOW
Description: Running pytest without full dependencies installed causes import
errors during test collection phase, not during test execution.

Evidence: Testing with only pytest installed shows:
  ERROR tests/test_cleaner.py - ModuleNotFoundError: No module named 'pandas'
  ERROR tests/test_health_metrics.py - ModuleNotFoundError: No module named 'pandas'
  ERROR tests/test_ui_helpers.py - ModuleNotFoundError: No module named 'streamlit'
  ERROR tests/test_visualizer.py - ModuleNotFoundError: No module named 'pandas'

Affected Files:
  - All test files that import project modules at module level

Recommended Fix:
  - Document: "Install all dependencies before running tests"
  - Or: Use pytest-dependency plugin
  - Or: Add try/except at module level with pytest.skip()


================================================================================
COMPREHENSIVE PATCH PLAN (Prioritized)
================================================================================

PRIORITY 1 (Critical - Must Fix):
None. All critical issues are already fixed in PR #11.
✓ kaleido dependency added to requirements.txt
✓ Error handling added to demo_charts.py
✓ Tests added to validate kaleido availability

PRIORITY 2 (High - Should Fix):
1. Add CI verification for kaleido installation
   Files: .github/workflows/tests.yml (create or modify)
   Change: Add step to verify kaleido is installed
   Snippet:
     - name: Verify kaleido installation
       run: |
         source venv/bin/activate
         python -c "import kaleido; print(f'✓ kaleido {kaleido.__version__}')"

2. Create requirements lock file for reproducibility
   Files: requirements-lock.txt (new)
   Change: Generate pip freeze output
   Command: pip freeze > requirements-lock.txt
   Rationale: Ensures consistent dependency versions across environments

PRIORITY 3 (Medium - Nice to Have):
3. Add pytest configuration file
   Files: pytest.ini (new)
   Content:
     [pytest]
     testpaths = tests
     python_files = test_*.py
     python_classes = Test*
     python_functions = test_*
     addopts = -v --tb=short --strict-markers
     markers =
         slow: marks tests as slow (deselect with '-m "not slow"')
         integration: marks tests as integration tests

4. Add dependency installation check to verify_setup.py
   Files: verify_setup.py
   Change: Enhance kaleido check to show actual version
   Current: Shows "unknown" for kaleido version
   Proposed: Use importlib.metadata.version('kaleido')

PRIORITY 4 (Low - Documentation):
5. Add troubleshooting section to README
   Files: README.md
   Change: Add section about kaleido installation issues
   Content:
     ## Troubleshooting
     
     ### kaleido not found error
     If you see "ModuleNotFoundError: No module named 'kaleido'":
     1. Ensure virtual environment is activated
     2. Run: pip install kaleido>=0.2.1
     3. Verify: python -c "import kaleido; print('OK')"
     
     ### Tests fail during collection
     Install all dependencies before running tests:
     pip install -r requirements.txt

6. Document CI/CD requirements
   Files: CONTRIBUTING.md or docs/
   Change: Add section on running tests locally
   Content: Include steps to set up environment and run tests


================================================================================
TEST SUMMARY
================================================================================

Total Tests: 66
Tests Passing (with all dependencies): 66 (100%)
Tests Failing (without kaleido): 2
Tests Skipped: 0

Test Modules:
  ✓ tests/test_cleaner.py - 7 tests
  ✓ tests/test_demo_charts.py - 7 tests (2 fail without kaleido)
  ✓ tests/test_health_metrics.py - 19 tests
  ✓ tests/test_ui_helpers.py - 16 tests
  ✓ tests/test_visualizer.py - 17 tests

Coverage Status: Not measured (no .coverage file or pytest-cov plugin)

Performance:
  - Full test suite: ~1.2 seconds
  - Individual test: ~18ms average
  - No slow tests detected (all < 1 second)


================================================================================
VALIDATION RESULTS
================================================================================

✓ demo_charts.py runs successfully with kaleido installed
✓ demo_charts.py shows helpful error without kaleido
✓ verify_setup.py validates environment correctly
✓ All 66 tests pass with proper dependencies
✓ Error handling in demo_charts.py works as expected
✓ Type hints added to utils/data_generator.py
✓ Documentation improved throughout


================================================================================
CONCLUSION
================================================================================

PR #11 successfully addresses the original issue of missing kaleido dependency.
All tests pass when dependencies are installed correctly. The two "failing" tests
are actually working as designed - they validate that kaleido is available and
fail appropriately when it's not, providing clear error messages.

RECOMMENDATION: APPROVE PR #11

The PR is ready to merge. Optional enhancements listed in Priority 2-4 can be
addressed in future PRs but are not blockers.

Key Success Factors:
✓ Root cause identified and fixed (missing kaleido dependency)
✓ Proper error handling added
✓ Comprehensive tests added
✓ Documentation improved
✓ Setup verification utility added
✓ No breaking changes to existing functionality

Potential Future Work:
- Add CI workflow with dependency verification
- Create requirements lock file
- Add pytest configuration
- Enhance documentation with troubleshooting guide

================================================================================
END OF REPORT
================================================================================
